1: package lezione13;
2: 
3: 
4: import java.io.*;
5: 
6: public class IOStreamDemo {
7:  
8:   // Throw exceptions to console:
9:   public static void main(String[] args) throws IOException {
10:     // 1. Reading input by lines:
11:     BufferedReader in = new BufferedReader(
12:       new FileReader("src/lezione13/IOStreamDemo.java"));
13:     String s, s2 = new String();
14:     while((s = in.readLine())!= null)
15:       s2 += s + "\n";
16:     in.close();
17:  
18:     // 1b. Reading standard input:
19:     BufferedReader stdin = new BufferedReader(
20:       new InputStreamReader(System.in));
21:     System.out.print("Enter a line:");
22:     System.out.println(stdin.readLine());
23:  
24: 
25: 
26:     // 2. Input from memory
27:     System.out.println("Esecuzione 2");
28:     StringReader in2 = new StringReader(s2);
29:     int c;
30:     while((c = in2.read()) != -1)
31:       System.out.print((char)c);
32:  
33: 
34:     // 3. Formatted memory input
35:     System.out.println("Esecuzione 3");
36:     try {
37:       DataInputStream in3 = new DataInputStream(
38:         new ByteArrayInputStream(s2.getBytes()));
39:       while(true)
40:         System.out.print((char)in3.readByte());
41:     } catch(EOFException e) {
42:       System.err.println("End of stream");
43:     }
44: 
45:     // 4. File output
46:     System.out.println("Esecuzione 4");
47:     try {
48:       BufferedReader in4 = new BufferedReader(
49:         new StringReader(s2));
50:       PrintWriter out1 = new PrintWriter(
51:       	new BufferedWriter(new FileWriter("src/lezione13/IODemo.out")));
52:       
53:       int lineCount = 1;
54:       while((s = in4.readLine()) != null )
55:     	  out1.println(lineCount++ + ": " + s);
56:       out1.close();
57:     } catch(EOFException e) {
58:       System.err.println("End of stream");
59:     }
60:     
61:     
62:     
63:     // 5. Storing & recovering data
64:     System.out.println("Esecuzione 5");
65:     try {
66:       DataOutputStream out2 = new DataOutputStream(
67:         new BufferedOutputStream(
68:           new FileOutputStream("src/lezione13/Data.txt")));
69:       out2.writeDouble(3.14159);
70:       out2.writeUTF("That was pi");
71:       out2.writeDouble(1.41413);
72:       out2.writeUTF("Square root of 2");
73:       out2.close();
74:       DataInputStream in5 = new DataInputStream(
75:         new BufferedInputStream(
76:           new FileInputStream("src/lezione13/Data.txt")));
77:       // Must use DataInputStream for data:
78:       System.out.println(in5.readDouble());
79:       // Only readUTF() will recover the
80:       // Java-UTF String properly:
81:       System.out.println(in5.readUTF());
82:       // Read the following double and String:
83:       System.out.println(in5.readDouble());
84:       System.out.println(in5.readUTF());
85:     } catch(EOFException e) {
86:       throw new RuntimeException(e);
87:     }
88: 
89:     // 6. Reading/writing random access files
90:     System.out.println("Esecuzione 6");
91:     RandomAccessFile rf = new RandomAccessFile("src/lezione13/rtest.dat", "rw");
92:     for(int i = 0; i < 10; i++)
93:       rf.writeDouble(i*1.414);
94:     rf.close();
95:     rf = new RandomAccessFile("src/lezione13/rtest.dat", "rw");
96:     rf.seek(5*8);
97:     rf.writeDouble(47.0001);
98:     rf.close();
99:     rf = new RandomAccessFile("src/lezione13/rtest.dat", "r");
100:     for(int i = 0; i < 10; i++)
101:       System.out.println("Value " + i + ": " +
102:         rf.readDouble());
103:     rf.close();   
104:     
105:   }
106: } 
